<?xml version="1.0" encoding="UTF-8"?>
<!-- Generated by org.testng.reporters.JUnitReportReporter -->
<testsuite skipped="0" hostname="praveen" name="Yahoo.ExtentReportsDemo" tests="1" failures="0" timestamp="2021-05-28T12:35:20 CDT" time="2.509" errors="0">
  <testcase name="extent" time="2.509" classname="Yahoo.ExtentReportsDemo"/>
  <system-out/>
</testsuite> <!-- Yahoo.ExtentReportsDemo -->
