<?xml version="1.0" encoding="UTF-8"?>
<!-- Generated by org.testng.reporters.JUnitReportReporter -->
<testsuite skipped="0" hostname="praveen" name="Yahoo.YahooLogin" tests="1" failures="0" timestamp="2021-05-27T23:56:45 CDT" time="27.559" errors="0">
  <testcase name="loginApp" time="27.559" classname="Yahoo.YahooLogin"/>
  <system-out/>
</testsuite> <!-- Yahoo.YahooLogin -->
