<?xml version="1.0" encoding="UTF-8"?>
<!-- Generated by org.testng.reporters.JUnitReportReporter -->
<testsuite skipped="0" hostname="praveen" name="Yahoo.ExtentReportsDemo" tests="1" failures="0" timestamp="2021-05-29T08:13:54 CDT" time="0.940" errors="0">
  <testcase name="extent" time="0.940" classname="Yahoo.ExtentReportsDemo"/>
  <system-out/>
</testsuite> <!-- Yahoo.ExtentReportsDemo -->
