<?xml version="1.0" encoding="UTF-8"?>
<!-- Generated by org.testng.reporters.JUnitReportReporter -->
<testsuite skipped="0" hostname="praveen" name="MavenDemo.MavenTest1" tests="5" failures="0" timestamp="2021-05-19T01:52:31 CDT" time="0.020" errors="0">
  <testcase name="testPrint4" time="0.001" classname="MavenDemo.MavenTest1"/>
  <system-out/>
  <testcase name="testPrint2" time="0.001" classname="MavenDemo.MavenTest1"/>
  <system-out/>
  <testcase name="testPrint1" time="0.014" classname="MavenDemo.MavenTest1"/>
  <system-out/>
  <testcase name="testPrint3" time="0.002" classname="MavenDemo.MavenTest1"/>
  <system-out/>
  <testcase name="testPrint5" time="0.002" classname="MavenDemo.MavenTest1"/>
  <system-out/>
</testsuite> <!-- MavenDemo.MavenTest1 -->
