<?xml version="1.0" encoding="UTF-8"?>
<!-- Generated by org.testng.reporters.JUnitReportReporter -->
<testsuite skipped="0" hostname="praveen" name="MavenDemo.MavenTest2" tests="5" failures="0" timestamp="2021-05-28T11:49:08 CDT" time="0.004" errors="0">
  <testcase name="testPrint2" time="0.000" classname="MavenDemo.MavenTest2"/>
  <system-out/>
  <testcase name="testPrint3" time="0.001" classname="MavenDemo.MavenTest2"/>
  <system-out/>
  <testcase name="testPrint4" time="0.001" classname="MavenDemo.MavenTest2"/>
  <system-out/>
  <testcase name="testPrint1" time="0.000" classname="MavenDemo.MavenTest2"/>
  <system-out/>
  <testcase name="testPrint5" time="0.002" classname="MavenDemo.MavenTest2"/>
  <system-out/>
</testsuite> <!-- MavenDemo.MavenTest2 -->
