<?xml version="1.0" encoding="UTF-8"?>
<!-- Generated by org.testng.reporters.JUnitReportReporter -->
<testsuite skipped="0" hostname="praveen" name="MavenDemo.MavenTest1" tests="6" failures="0" timestamp="2021-05-28T00:33:08 CDT" time="10.733" errors="0">
  <testcase name="testPrint2" time="0.003" classname="MavenDemo.MavenTest1"/>
  <system-out/>
  <testcase name="testPrint5" time="0.001" classname="MavenDemo.MavenTest1"/>
  <system-out/>
  <testcase name="browser" time="10.727" classname="MavenDemo.MavenTest1"/>
  <system-out/>
  <testcase name="testPrint3" time="0.000" classname="MavenDemo.MavenTest1"/>
  <system-out/>
  <testcase name="testPrint4" time="0.001" classname="MavenDemo.MavenTest1"/>
  <system-out/>
  <testcase name="testPrint1" time="0.001" classname="MavenDemo.MavenTest1"/>
  <system-out/>
</testsuite> <!-- MavenDemo.MavenTest1 -->
