<?xml version="1.0" encoding="UTF-8"?>
<!-- Generated by org.testng.reporters.JUnitReportReporter -->
<testsuite skipped="0" hostname="praveen" name="MavenDemo.MavenTest1" tests="1" failures="0" timestamp="2021-05-15T00:28:00 CDT" time="0.093" errors="0">
  <testcase name="testPrint" time="0.093" classname="MavenDemo.MavenTest1"/>
  <system-out/>
</testsuite> <!-- MavenDemo.MavenTest1 -->
