<?xml version="1.0" encoding="UTF-8"?>
<!-- Generated by org.testng.reporters.JUnitReportReporter -->
<testsuite skipped="0" hostname="praveen" name="MavenTest1" tests="1" failures="0" timestamp="2021-05-14T06:19:27 CDT" time="0.030" errors="0">
  <testcase name="testPrint" time="0.030" classname="MavenTest1"/>
  <system-out/>
</testsuite> <!-- MavenTest1 -->
